#
# There is insufficient memory for the Java Runtime Environment to continue.
# Native memory allocation (mmap) failed to map 130023424 bytes for Failed to commit area from 0x0000000084800000 to 0x000000008c400000 of length 130023424.
# Possible reasons:
#   The system is out of physical RAM or swap space
#   The process is running with CompressedOops enabled, and the Java Heap may be blocking the growth of the native heap
# Possible solutions:
#   Reduce memory load on the system
#   Increase physical memory or swap space
#   Check if swap backing store is full
#   Decrease Java heap size (-Xmx/-Xms)
#   Decrease number of Java threads
#   Decrease Java thread stack sizes (-Xss)
#   Set larger code cache with -XX:ReservedCodeCacheSize=
# This output file may be truncated or incomplete.
#
#  Out of Memory Error (t:/workspace/open/src/hotspot/os/windows/os_windows.cpp:3269), pid=34688, tid=36756
#
# JRE version:  (11.0.2+9) (build )
# Java VM: Java HotSpot(TM) 64-Bit Server VM (11.0.2+9-LTS, mixed mode, aot, sharing, tiered, compressed oops, g1 gc, windows-amd64)
# No core dump will be written. Minidumps are not enabled by default on client versions of Windows
#

---------------  S U M M A R Y ------------

Command Line: C:\Users\231859~1\AppData\Local\Temp\surefire15680825034601756642\surefirebooter10738887045184684585.jar C:\Users\2318590073\AppData\Local\Temp\surefire15680825034601756642 2019-05-05T19-39-49_585-jvmRun1 surefire15548960561688957077tmp surefire_012582580682484331903tmp

Host: Intel(R) Core(TM) i7-7700HQ CPU @ 2.80GHz, 8 cores, 7G,  Windows 10 , 64 bit Build 17134 (10.0.17134.706)
Time: Sun May  5 19:39:50 2019 ?D1¨²¡À¨º¡Á?¨º¡À?? elapsed time: 0 seconds (0d 0h 0m 0s)

---------------  T H R E A D  ---------------

Current thread (0x0000026be514c800):  JavaThread "Unknown thread" [_thread_in_vm, id=36756, stack(0x0000006fb6200000,0x0000006fb6300000)]

Stack: [0x0000006fb6200000,0x0000006fb6300000]
Native frames: (J=compiled Java code, j=interpreted, Vv=VM code, C=native code)
V  [jvm.dll+0x63574a]
V  [jvm.dll+0x77326f]
V  [jvm.dll+0x77491a]
V  [jvm.dll+0x774fd3]
V  [jvm.dll+0x25e418]
V  [jvm.dll+0x632c0a]
V  [jvm.dll+0x627645]
V  [jvm.dll+0x314e7c]
V  [jvm.dll+0x314d02]
V  [jvm.dll+0x31a576]
V  [jvm.dll+0x36635f]
V  [jvm.dll+0x365d80]
V  [jvm.dll+0x2f19f8]
V  [jvm.dll+0x2f2b56]
V  [jvm.dll+0x74c817]
V  [jvm.dll+0x74df5f]
V  [jvm.dll+0x373179]
V  [jvm.dll+0x732eb9]
V  [jvm.dll+0x3e295d]
V  [jvm.dll+0x3e4c61]
C  [java.exe+0x3607]
C  [java.exe+0x178dc]
C  [KERNEL32.DLL+0x14034]
C  [ntdll.dll+0x73691]


---------------  P R O C E S S  ---------------

Threads class SMR info:
_java_thread_list=0x0000026be306c4c0, length=0, elements={
}

Java Threads: ( => current thread )

Other Threads:
  0x0000026be5166000 GCTaskThread "GC Thread#0" [stack: 0x0000006fb6300000,0x0000006fb6400000] [id=36760]
  0x0000026be5196000 ConcurrentGCThread "G1 Main Marker" [stack: 0x0000006fb6400000,0x0000006fb6500000] [id=36152]
  0x0000026be5197800 ConcurrentGCThread "G1 Conc#0" [stack: 0x0000006fb6500000,0x0000006fb6600000] [id=36148]

[error occurred during error reporting (printing all threads), id 0xc0000005, EXCEPTION_ACCESS_VIOLATION (0xc0000005) at pc=0x00007fffc4780197]

VM state:not at safepoint (not fully initialized)

VM Mutex/Monitor currently owned by a thread:  ([mutex/lock_event])
[0x0000026be5149f00] Heap_lock - owner thread: 0x0000026be514c800

Heap address: 0x0000000084800000, size: 1976 MB, Compressed Oops mode: Non-zero based: 0x0000000084800000
Narrow klass base: 0x0000000000000000, Narrow klass shift: 0

GC Heap History (0 events):
No events

Deoptimization events (0 events):
No events

Classes redefined (0 events):
No events

Internal exceptions (0 events):
No events

Events (0 events):
No events


Dynamic libraries:
0x00007ff6a95e0000 - 0x00007ff6a9627000 	E:\3d\eclipse\eclipse\jre\bin\java.exe
0x00007ff8091c0000 - 0x00007ff8093a1000 	C:\WINDOWS\SYSTEM32\ntdll.dll
0x00007ff8066b0000 - 0x00007ff806761000 	C:\WINDOWS\System32\KERNEL32.DLL
0x00007ff8063d0000 - 0x00007ff806643000 	C:\WINDOWS\System32\KERNELBASE.dll
0x00007ff808230000 - 0x00007ff8082d1000 	C:\WINDOWS\System32\ADVAPI32.dll
0x00007ff809070000 - 0x00007ff80910e000 	C:\WINDOWS\System32\msvcrt.dll
0x00007ff807f30000 - 0x00007ff807f8b000 	C:\WINDOWS\System32\sechost.dll
0x00007ff808930000 - 0x00007ff808a54000 	C:\WINDOWS\System32\RPCRT4.dll
0x00007ff808ee0000 - 0x00007ff809070000 	C:\WINDOWS\System32\USER32.dll
0x00007ff8056c0000 - 0x00007ff8056e0000 	C:\WINDOWS\System32\win32u.dll
0x00007ff808a60000 - 0x00007ff808a88000 	C:\WINDOWS\System32\GDI32.dll
0x00007ff806230000 - 0x00007ff8063c2000 	C:\WINDOWS\System32\gdi32full.dll
0x00007ff805730000 - 0x00007ff8057cf000 	C:\WINDOWS\System32\msvcp_win.dll
0x00007ff805830000 - 0x00007ff805928000 	C:\WINDOWS\System32\ucrtbase.dll
0x00007ffff5280000 - 0x00007ffff54e9000 	C:\WINDOWS\WinSxS\amd64_microsoft.windows.common-controls_6595b64144ccf1df_6.0.17134.706_none_fb43a2cb30647007\COMCTL32.dll
0x00007ffffa400000 - 0x00007ffffa40a000 	C:\WINDOWS\SYSTEM32\VERSION.dll
0x00007ff808460000 - 0x00007ff808782000 	C:\WINDOWS\System32\combase.dll
0x00007ff805640000 - 0x00007ff8056ba000 	C:\WINDOWS\System32\bcryptPrimitives.dll
0x00007ff808090000 - 0x00007ff8080bd000 	C:\WINDOWS\System32\IMM32.DLL
0x00007ffff76f0000 - 0x00007ffff7706000 	E:\3d\eclipse\eclipse\jre\bin\vcruntime140.dll
0x00007fffef110000 - 0x00007fffef1ba000 	E:\3d\eclipse\eclipse\jre\bin\msvcp140.dll
0x00007fffc4480000 - 0x00007fffc4fa7000 	E:\3d\eclipse\eclipse\jre\bin\server\jvm.dll
0x00007ff807fa0000 - 0x00007ff807fa8000 	C:\WINDOWS\System32\PSAPI.DLL
0x00007ff801d20000 - 0x00007ff801d29000 	C:\WINDOWS\SYSTEM32\WSOCK32.dll
0x00007ff802a20000 - 0x00007ff802a43000 	C:\WINDOWS\SYSTEM32\WINMM.dll
0x00007ff8080c0000 - 0x00007ff80812c000 	C:\WINDOWS\System32\WS2_32.dll
0x00007ff8026e0000 - 0x00007ff80270a000 	C:\WINDOWS\SYSTEM32\WINMMBASE.dll
0x00007ff8056e0000 - 0x00007ff805729000 	C:\WINDOWS\System32\cfgmgr32.dll
0x00007ff805550000 - 0x00007ff805561000 	C:\WINDOWS\System32\kernel.appcore.dll
0x00007ffff7170000 - 0x00007ffff7181000 	E:\3d\eclipse\eclipse\jre\bin\verify.dll
0x00007fffe2d90000 - 0x00007fffe2f59000 	C:\WINDOWS\SYSTEM32\DBGHELP.DLL
0x00007fffe2d60000 - 0x00007fffe2d89000 	C:\WINDOWS\SYSTEM32\dbgcore.DLL
0x00007ffff7140000 - 0x00007ffff7169000 	E:\3d\eclipse\eclipse\jre\bin\java.dll
0x00007ffff64c0000 - 0x00007ffff64d6000 	E:\3d\eclipse\eclipse\jre\bin\zip.dll
0x00007ff800630000 - 0x00007ff80063a000 	E:\3d\eclipse\eclipse\jre\bin\jimage.dll

dbghelp: loaded successfully - version: 4.0.5 - missing functions: none
symbol engine: initialized successfully - sym options: 0x614 - pdb path: .;E:\3d\eclipse\eclipse\jre\bin;C:\WINDOWS\SYSTEM32;C:\WINDOWS\WinSxS\amd64_microsoft.windows.common-controls_6595b64144ccf1df_6.0.17134.706_none_fb43a2cb30647007;E:\3d\eclipse\eclipse\jre\bin\server

VM Arguments:
java_command: C:\Users\231859~1\AppData\Local\Temp\surefire15680825034601756642\surefirebooter10738887045184684585.jar C:\Users\2318590073\AppData\Local\Temp\surefire15680825034601756642 2019-05-05T19-39-49_585-jvmRun1 surefire15548960561688957077tmp surefire_012582580682484331903tmp
java_class_path (initial): C:\Users\231859~1\AppData\Local\Temp\surefire15680825034601756642\surefirebooter10738887045184684585.jar
Launcher Type: SUN_STANDARD

[Global flags]
     intx CICompilerCount                          = 4                                         {product} {ergonomic}
     uint ConcGCThreads                            = 2                                         {product} {ergonomic}
     uint G1ConcRefinementThreads                  = 8                                         {product} {ergonomic}
   size_t G1HeapRegionSize                         = 1048576                                   {product} {ergonomic}
    uintx GCDrainStackTargetSize                   = 64                                        {product} {ergonomic}
   size_t InitialHeapSize                          = 130023424                                 {product} {ergonomic}
   size_t MarkStackSize                            = 4194304                                   {product} {ergonomic}
   size_t MaxHeapSize                              = 2071986176                                {product} {ergonomic}
   size_t MinHeapDeltaBytes                        = 1048576                                   {product} {ergonomic}
    uintx NonNMethodCodeHeapSize                   = 5835340                                {pd product} {ergonomic}
    uintx NonProfiledCodeHeapSize                  = 122911450                              {pd product} {ergonomic}
    uintx ProfiledCodeHeapSize                     = 122911450                              {pd product} {ergonomic}
    uintx ReservedCodeCacheSize                    = 251658240                              {pd product} {ergonomic}
     bool SegmentedCodeCache                       = true                                      {product} {ergonomic}
     bool UseCompressedClassPointers               = true                                 {lp64_product} {ergonomic}
     bool UseCompressedOops                        = true                                 {lp64_product} {ergonomic}
     bool UseG1GC                                  = true                                      {product} {ergonomic}
     bool UseLargePagesIndividualAllocation        = false                                  {pd product} {ergonomic}

Logging:
Log output configuration:
 #0: stdout all=warning uptime,level,tags
 #1: stderr all=off uptime,level,tags

Environment Variables:
JAVA_HOME=E:/3d/eclipse/eclipse/jre
CLASSPATH=E:\3d\apache-tomcat-8.5.38\lib\servlet-api.jar;E:\3d\apache-tomcat-8.5.38\lib\servlet-api.jar;E:\3d\apache-tomcat-8.5.38\lib\servlet-api.jar;%CLASSPATH%
PATH=C:\Users\2318590073\bin;D:\Git\mingw64\bin;D:\Git\usr\local\bin;D:\Git\usr\bin;D:\Git\usr\bin;D:\Docker Toolbox;C:\Users\2318590073\bin;D:\Git\mingw64\bin;D:\Git\usr\local\bin;D:\Git\usr\bin;D:\Git\usr\bin;D:\Git\mingw64\bin;D:\Git\usr\bin;C:\Users\2318590073\bin;E:\3d\eclipse\eclipse\jre\bin;C:\Program Files (x86)\Intel\iCLS Client;C:\Program Files\Intel\iCLS Client;C:\Windows\system32;C:\Windows;C:\Windows\System32\Wbem;C:\Windows\System32\WindowsPowerShell\v1.0;C:\Program Files (x86)\Intel\Intel(R) Management Engine Components\DAL;C:\Program Files\Intel\Intel(R) Management Engine Components\DAL;C:\Program Files (x86)\Intel\Intel(R) Management Engine Components\IPT;C:\Program Files\Intel\Intel(R) Management Engine Components\IPT;C:\Program Files (x86)\NVIDIA Corporation\PhysX\Common;C:\WINDOWS\system32;C:\WINDOWS;C:\WINDOWS\System32\Wbem;C:\WINDOWS\System32\WindowsPowerShell\v1.0;C:\WINDOWS\System32\OpenSSH;D:\nvm;D:\Program Files\nodejs;D:\Program Files\nodejs;D:\Git\cmd;D:\java\maven\apache-maven-3.6.0\bin;E:\3d\eclipse\eclipse\jre\bin;C:\Users\2318590073\AppData\Local\Microsoft\WindowsApps;E:\3d\mysql-8.0.15-winx64\bin;C:\Users\2318590073\AppData\Local\GitHubDesktop\bin;D:\nvm;D:\Program Files\nodejs;C:\Users\2318590073\AppData\Roaming\npm;D:\Docker Toolbox;D:\Git\usr\bin\vendor_perl;D:\Git\usr\bin\core_perl;D:\Git\usr\bin\vendor_perl;D:\Git\usr\bin\core_perl
USERNAME=2318590073
SHELL=D:\Git\usr\bin\bash
DISPLAY=needs-to-be-defined
OS=Windows_NT
PROCESSOR_IDENTIFIER=Intel64 Family 6 Model 158 Stepping 9, GenuineIntel



---------------  S Y S T E M  ---------------

OS: Windows 10 , 64 bit Build 17134 (10.0.17134.706)

CPU:total 8 (initial active 8) (4 cores per cpu, 2 threads per core) family 6 model 158 stepping 9, cmov, cx8, fxsr, mmx, sse, sse2, sse3, ssse3, sse4.1, sse4.2, popcnt, avx, avx2, aes, clmul, erms, 3dnowpref, lzcnt, ht, tsc, tscinvbit, bmi1, bmi2, adx, fma

Memory: 4k page, system-wide physical 7898M (987M free)
TotalPageFile size 15322M (AvailPageFile size 90M)
current process WorkingSet (physical memory assigned to process): 10M, peak: 10M
current process commit charge ("private bytes"): 60M, peak: 184M

vm_info: Java HotSpot(TM) 64-Bit Server VM (11.0.2+9-LTS) for windows-amd64 JRE (11.0.2+9-LTS), built on Jan 18 2019 05:24:10 by "mach5one" with MS VC++ 15.5 (VS2017)

END.
